<?xml version="1.0" encoding="UTF-8"?>
<!-- Generated by org.testng.reporters.JUnitXMLReporter -->
<testsuite ignored="1" hostname="DESKTOP-C5HH2PE" failures="0" tests="3" name="car Loan" time="0.028" errors="0" timestamp="2023-12-21T09:08:45 IST">
  <testcase classname="com.amazon.test.day3" name="ApiloginHomeLoan" time="0.001"/>
  <testcase classname="com.amazon.test.day3" name="ApiloginHomeLoanaa" time="0.007"/>
  <testcase classname="com.amazon.test.day3" name="WebloginHomeLoan" time="0.003"/>
  <testcase classname="com.amazon.test.day3" name="MobileloginHomeLoan" time="0.0">
    <ignored/>
  </testcase> <!-- MobileloginHomeLoan -->
</testsuite> <!-- car Loan -->
