<?xml version="1.0" encoding="UTF-8"?>
<!-- Generated by org.testng.reporters.JUnitXMLReporter -->
<testsuite ignored="0" hostname="DESKTOP-C5HH2PE" failures="0" tests="3" name="Personal Loan" time="0.081" errors="0" timestamp="2023-12-21T09:08:45 IST">
  <testcase classname="com.amazon.test.day1" name="Demo" time="0.006"/>
  <testcase classname="com.amazon.test.day1" name="SecondTest" time="0.002"/>
  <testcase classname="com.amazon.test.day2" name="ploan" time="0.013"/>
</testsuite> <!-- Personal Loan -->
