<?xml version="1.0" encoding="UTF-8"?>
<!-- Generated by org.testng.reporters.JUnitXMLReporter -->
<testsuite ignored="2" hostname="DESKTOP-C5HH2PE" failures="0" tests="1" name="Regession" time="0.119" errors="0" timestamp="2024-01-23T14:27:30 IST">
  <testcase classname="com.amazon.test.day2" name="ploan" time="0.049"/>
  <testcase classname="com.amazon.test.day1" name="Demo" time="0.0">
    <ignored/>
  </testcase> <!-- Demo -->
  <testcase classname="com.amazon.test.day1" name="SecondTest" time="0.0">
    <ignored/>
  </testcase> <!-- SecondTest -->
</testsuite> <!-- Regession -->
