<?xml version="1.0" encoding="UTF-8"?>
<testng-results ignored="0" total="1" passed="1" failed="0" skipped="0">
  <reporter-output>
  </reporter-output>
  <suite started-at="2024-01-23T16:06:17 IST" name="Default suite" finished-at="2024-01-23T16:06:25 IST" duration-ms="8093">
    <groups>
    </groups>
    <test started-at="2024-01-23T16:06:17 IST" name="Default test" finished-at="2024-01-23T16:06:25 IST" duration-ms="8093">
      <class name="com.amazon.test.BRowserchecking">
        <test-method signature="Opernbrowser()[pri:0, instance:com.amazon.test.BRowserchecking@316bcf94]" started-at="2024-01-23T16:06:17 IST" name="Opernbrowser" finished-at="2024-01-23T16:06:25 IST" duration-ms="8036" status="PASS">
          <reporter-output>
          </reporter-output>
        </test-method> <!-- Opernbrowser -->
      </class> <!-- com.amazon.test.BRowserchecking -->
    </test> <!-- Default test -->
  </suite> <!-- Default suite -->
</testng-results>
